<?xml version="1.0" encoding="UTF-8"?>
<!-- Generated by org.testng.reporters.JUnitReportReporter -->
<testsuite hostname="DESKTOP-MVNO6IQ" failures="0" tests="1" name="TestCases.Verifysearch" time="21.388" errors="0" timestamp="2023-04-11T12:43:45 IST" skipped="0">
  <testcase classname="TestCases.Verifysearch" name="search" time="21.388"/>
  <system-out/>
</testsuite> <!-- TestCases.Verifysearch -->
